[-] connection pkd  closed !Wed Dec 22 18:54:28 2021:::--------------- 
: New Session : 
--------------- 

Wed Dec 22 19:03:27 2021:::--------------- 
: New Session : 
--------------- 

Wed Dec 22 20:05:00 2021:::--------------- 
: New Session : 
--------------- 

Wed Dec 22 19:05:03 2021:::--------------- 
: New Session : 
--------------- 

Wed Dec 22 19:07:43 2021:::--------------- 
: New Session : 
--------------- 

Wed Dec 22 20:08:10 2021:::--------------- 
: New Session : 
--------------- 

Wed Dec 22 20:09:40 2021:::--------------- 
: New Session : 
--------------- 

Wed Dec 22 19:09:57 2021:::--------------- 
: New Session : 
--------------- 

Wed Dec 22 19:10:08 2021:::socket connected to 86.246.20.251:9999Wed Dec 22 19:11:32 2021:::--------------- 
: New Session : 
--------------- 

Wed Dec 22 20:11:36 2021:::--------------- 
: New Session : 
--------------- 

Wed Dec 22 19:12:28 2021:::socket connected to 86.246.20.251:9999Wed Dec 22 20:15:21 2021:::--------------- 
: New Session : 
--------------- 

Wed Dec 22 19:15:26 2021:::--------------- 
: New Session : 
--------------- 

Wed Dec 22 19:15:38 2021:::socket connected to 86.246.20.251:9999Wed Dec 22 19:15:38 2021:::[+] Nouveau thread pour Elie 
Wed Dec 22 19:15:54 2021:::Elie > 1 : yes
ed Dec 22 20:15:52 2021:::pkd > 1 : oh ptn
Wed Dec 22 19:15:56 2021:::Elie > 1 : yes
 gniela
Wed Dec 22 19:15:59 2021:::Elie > 1 : cacaca
zd
Wed Dec 22 20:15:59 2021:::pkd > 1 : zdzdzdiuihiuh
Wed Dec 22 19:16:08 2021:::Elie > 1 : fefze
 gandol
Wed Dec 22 19:16:10 2021:::Elie > 1 : pui
s
Wed Dec 22 19:16:13 2021:::Elie > 1 : poui
azbda
Wed Dec 22 20:16:11 2021:::pkd > 1 : zdaz
Wed Dec 22 20:16:11 2021:::pkd > 1 : dzad
Wed Dec 22 20:16:11 2021:::pkd > 1 : zad
Wed Dec 22 20:16:13 2021:::pkd > 1 : az
Wed Dec 22 19:16:15 2021:::Elie > 1 : oui
Wed Dec 22 19:16:17 2021:::Elie > 1 : oui
Wed Dec 22 19:16:18 2021:::Elie > 1 : oui
Wed Dec 22 19:16:20 2021:::Elie > 1 : oui
Wed Dec 22 19:16:21 2021:::Elie > 1 : ou
Wed Dec 22 19:16:22 2021:::Elie > 1 : oui
Wed Dec 22 19:16:23 2021:::Elie > 1 : oui
Wed Dec 22 19:16:25 2021:::Elie > 1 : oui
Wed Dec 22 19:16:26 2021:::Elie > 1 : oui
Wed Dec 22 19:16:28 2021:::Elie > 1 : iui
Wed Dec 22 19:16:28 2021:::Elie > 1 : ou
Wed Dec 22 19:16:29 2021:::Elie > 1 : oui
Wed Dec 22 19:16:31 2021:::Elie > 1 : oui
Wed Dec 22 19:16:32 2021:::Elie > 1 : oui
Wed Dec 22 19:16:33 2021:::Elie > 1 : oui
Wed Dec 22 19:16:34 2021:::Elie > 1 : oui
____________________________________
Wed Dec 22 20:16:34 2021:::pkd > 1 : / You will be advanced socially, without \pkd
Wed Dec 22 20:16:35 2021:::pkd > 1 :                 ||     ||
Wed Dec 22 20:16:41 2021:::pkd > 1 :  ________________________________________
Wed Dec 22 20:16:41 2021:::pkd > 1 : / You will be advanced socially, without \pkd
Wed Dec 22 20:16:43 2021:::pkd > 1 :                 ||     ||
Wed Dec 22 20:16:48 2021:::[-] connection pkd  closed !